app/app/build/intermediates/manifest_merge_blame_file/debug/processDebugMainManifest/manifest-merger-blame-debug-report.txt
1<?xml version="1.0" encoding="utf-8"?>
2<manifest xmlns:android="http://schemas.android.com/apk/res/android"
3    package="com.ecostay"
4    android:versionCode="1"
5    android:versionName="1.0" >
6
7    <uses-sdk
8        android:minSdkVersion="24"
9        android:targetSdkVersion="34" />
10
11    <permission
11-->[androidx.core:core:1.13.0] AndroidManifest.xml:22:5-24:47
12        android:name="com.ecostay.DYNAMIC_RECEIVER_NOT_EXPORTED_PERMISSION"
12-->[androidx.core:core:1.13.0] AndroidManifest.xml:23:9-81
13        android:protectionLevel="signature" />
13-->[androidx.core:core:1.13.0] AndroidManifest.xml:24:9-44
14
15    <uses-permission android:name="com.ecostay.DYNAMIC_RECEIVER_NOT_EXPORTED_PERMISSION" />
15-->[androidx.core:core:1.13.0] AndroidManifest.xml:26:5-97
15-->[androidx.core:core:1.13.0] AndroidManifest.xml:26:22-94
16
17    <application
17-->src\main\AndroidManifest.xml:2:5-25:19
18        android:allowBackup="true"
18-->src\main\AndroidManifest.xml:3:9-35
19        android:appComponentFactory="androidx.core.app.CoreComponentFactory"
19-->[androidx.core:core:1.13.0] AndroidManifest.xml:28:18-86
20        android:debuggable="true"
21        android:extractNativeLibs="false"
22        android:icon="@mipmap/ic_launcher"
22-->src\main\AndroidManifest.xml:5:9-43
23        android:label="EcoStay Retreat"
23-->src\main\AndroidManifest.xml:4:9-40
24        android:roundIcon="@mipmap/ic_launcher_round"
24-->src\main\AndroidManifest.xml:6:9-54
25        android:supportsRtl="true"
25-->src\main\AndroidManifest.xml:7:9-35
26        android:testOnly="true"
27        android:theme="@style/Theme.EcoStay" >
27-->src\main\AndroidManifest.xml:8:9-45
28        <activity
28-->src\main\AndroidManifest.xml:9:9-14:20
29            android:name="com.ecostay.ui.MainActivity"
29-->src\main\AndroidManifest.xml:9:19-50
30            android:exported="true" >
30-->src\main\AndroidManifest.xml:9:51-74
31            <intent-filter>
31-->src\main\AndroidManifest.xml:10:13-13:29
32                <action android:name="android.intent.action.MAIN" />
32-->src\main\AndroidManifest.xml:11:17-69
32-->src\main\AndroidManifest.xml:11:25-66
33
34                <category android:name="android.intent.category.LAUNCHER" />
34-->src\main\AndroidManifest.xml:12:17-77
34-->src\main\AndroidManifest.xml:12:27-74
35            </intent-filter>
36        </activity>
37        <activity
37-->src\main\AndroidManifest.xml:15:9-83
38            android:name="com.ecostay.ui.auth.LoginActivity"
38-->src\main\AndroidManifest.xml:15:19-56
39            android:exported="false" />
39-->src\main\AndroidManifest.xml:15:57-81
40        <activity
40-->src\main\AndroidManifest.xml:16:9-86
41            android:name="com.ecostay.ui.auth.RegisterActivity"
41-->src\main\AndroidManifest.xml:16:19-59
42            android:exported="false" />
42-->src\main\AndroidManifest.xml:16:60-84
43        <activity
43-->src\main\AndroidManifest.xml:17:9-85
44            android:name="com.ecostay.ui.auth.ProfileActivity"
44-->src\main\AndroidManifest.xml:17:19-58
45            android:exported="false" />
45-->src\main\AndroidManifest.xml:17:59-83
46        <activity
46-->src\main\AndroidManifest.xml:18:9-87
47            android:name="com.ecostay.ui.rooms.RoomListActivity"
47-->src\main\AndroidManifest.xml:18:19-60
48            android:exported="false" />
48-->src\main\AndroidManifest.xml:18:61-85
49        <activity
49-->src\main\AndroidManifest.xml:19:9-89
50            android:name="com.ecostay.ui.rooms.RoomDetailActivity"
50-->src\main\AndroidManifest.xml:19:19-62
51            android:exported="false" />
51-->src\main\AndroidManifest.xml:19:63-87
52        <activity
52-->src\main\AndroidManifest.xml:20:9-96
53            android:name="com.ecostay.ui.activities.ActivityListActivity"
53-->src\main\AndroidManifest.xml:20:19-69
54            android:exported="false" />
54-->src\main\AndroidManifest.xml:20:70-94
55        <activity
55-->src\main\AndroidManifest.xml:21:9-99
56            android:name="com.ecostay.ui.activities.ActivityReserveActivity"
56-->src\main\AndroidManifest.xml:21:19-72
57            android:exported="false" />
57-->src\main\AndroidManifest.xml:21:73-97
58        <activity
58-->src\main\AndroidManifest.xml:22:9-82
59            android:name="com.ecostay.ui.info.InfoActivity"
59-->src\main\AndroidManifest.xml:22:19-55
60            android:exported="false" />
60-->src\main\AndroidManifest.xml:22:56-80
61        <activity android:name="com.ecostay.ui.auth.BookingHistoryActivity" />
61-->src\main\AndroidManifest.xml:23:9-68
61-->src\main\AndroidManifest.xml:23:19-65
62
63        <provider
63-->[androidx.emoji2:emoji2:1.3.0] AndroidManifest.xml:24:9-32:20
64            android:name="androidx.startup.InitializationProvider"
64-->[androidx.emoji2:emoji2:1.3.0] AndroidManifest.xml:25:13-67
65            android:authorities="com.ecostay.androidx-startup"
65-->[androidx.emoji2:emoji2:1.3.0] AndroidManifest.xml:26:13-68
66            android:exported="false" >
66-->[androidx.emoji2:emoji2:1.3.0] AndroidManifest.xml:27:13-37
67            <meta-data
67-->[androidx.emoji2:emoji2:1.3.0] AndroidManifest.xml:29:13-31:52
68                android:name="androidx.emoji2.text.EmojiCompatInitializer"
68-->[androidx.emoji2:emoji2:1.3.0] AndroidManifest.xml:30:17-75
69                android:value="androidx.startup" />
69-->[androidx.emoji2:emoji2:1.3.0] AndroidManifest.xml:31:17-49
70            <meta-data
70-->[androidx.lifecycle:lifecycle-process:2.6.2] AndroidManifest.xml:29:13-31:52
71                android:name="androidx.lifecycle.ProcessLifecycleInitializer"
71-->[androidx.lifecycle:lifecycle-process:2.6.2] AndroidManifest.xml:30:17-78
72                android:value="androidx.startup" />
72-->[androidx.lifecycle:lifecycle-process:2.6.2] AndroidManifest.xml:31:17-49
73            <meta-data
73-->[androidx.profileinstaller:profileinstaller:1.4.0] AndroidManifest.xml:29:13-31:52
74                android:name="androidx.profileinstaller.ProfileInstallerInitializer"
74-->[androidx.profileinstaller:profileinstaller:1.4.0] AndroidManifest.xml:30:17-85
75                android:value="androidx.startup" />
75-->[androidx.profileinstaller:profileinstaller:1.4.0] AndroidManifest.xml:31:17-49
76        </provider>
77
78        <receiver
78-->[androidx.profileinstaller:profileinstaller:1.4.0] AndroidManifest.xml:34:9-52:20
79            android:name="androidx.profileinstaller.ProfileInstallReceiver"
79-->[androidx.profileinstaller:profileinstaller:1.4.0] AndroidManifest.xml:35:13-76
80            android:directBootAware="false"
80-->[androidx.profileinstaller:profileinstaller:1.4.0] AndroidManifest.xml:36:13-44
81            android:enabled="true"
81-->[androidx.profileinstaller:profileinstaller:1.4.0] AndroidManifest.xml:37:13-35
82            android:exported="true"
82-->[androidx.profileinstaller:profileinstaller:1.4.0] AndroidManifest.xml:38:13-36
83            android:permission="android.permission.DUMP" >
83-->[androidx.profileinstaller:profileinstaller:1.4.0] AndroidManifest.xml:39:13-57
84            <intent-filter>
84-->[androidx.profileinstaller:profileinstaller:1.4.0] AndroidManifest.xml:40:13-42:29
85                <action android:name="androidx.profileinstaller.action.INSTALL_PROFILE" />
85-->[androidx.profileinstaller:profileinstaller:1.4.0] AndroidManifest.xml:41:17-91
85-->[androidx.profileinstaller:profileinstaller:1.4.0] AndroidManifest.xml:41:25-88
86            </intent-filter>
87            <intent-filter>
87-->[androidx.profileinstaller:profileinstaller:1.4.0] AndroidManifest.xml:43:13-45:29
88                <action android:name="androidx.profileinstaller.action.SKIP_FILE" />
88-->[androidx.profileinstaller:profileinstaller:1.4.0] AndroidManifest.xml:44:17-85
88-->[androidx.profileinstaller:profileinstaller:1.4.0] AndroidManifest.xml:44:25-82
89            </intent-filter>
90            <intent-filter>
90-->[androidx.profileinstaller:profileinstaller:1.4.0] AndroidManifest.xml:46:13-48:29
91                <action android:name="androidx.profileinstaller.action.SAVE_PROFILE" />
91-->[androidx.profileinstaller:profileinstaller:1.4.0] AndroidManifest.xml:47:17-88
91-->[androidx.profileinstaller:profileinstaller:1.4.0] AndroidManifest.xml:47:25-85
92            </intent-filter>
93            <intent-filter>
93-->[androidx.profileinstaller:profileinstaller:1.4.0] AndroidManifest.xml:49:13-51:29
94                <action android:name="androidx.profileinstaller.action.BENCHMARK_OPERATION" />
94-->[androidx.profileinstaller:profileinstaller:1.4.0] AndroidManifest.xml:50:17-95
94-->[androidx.profileinstaller:profileinstaller:1.4.0] AndroidManifest.xml:50:25-92
95            </intent-filter>
96        </receiver>
97    </application>
98
99</manifest>